<?xml version="1.0" encoding="UTF-8"?>
<!-- Generated by org.testng.reporters.JUnitReportReporter -->
<testsuite hostname="nahian-PC" name="com.bitm.selenium4thbatch.Test.FlightFinderTest" tests="2" failures="0" timestamp="12 Aug 2017 12:46:53 GMT" time="7.445" errors="0">
  <testcase name="checkFlightFinderPageTitle" time="3.933" classname="com.bitm.selenium4thbatch.Test.FlightFinderTest"/>
  <testcase name="flightFinderTest" time="3.512" classname="com.bitm.selenium4thbatch.Test.FlightFinderTest"/>
</testsuite> <!-- com.bitm.selenium4thbatch.Test.FlightFinderTest -->
