<?xml version="1.0" encoding="UTF-8"?>
<!-- Generated by org.testng.reporters.JUnitReportReporter -->
<testsuite hostname="nahian-PC" name="com.bitm.selenium4thbatch.Test.LoginTest" tests="2" failures="0" timestamp="12 Aug 2017 12:46:53 GMT" time="20.548" errors="0">
  <testcase name="checkHomePageTitle" time="18.943" classname="com.bitm.selenium4thbatch.Test.LoginTest"/>
  <testcase name="loginTest" time="1.605" classname="com.bitm.selenium4thbatch.Test.LoginTest"/>
</testsuite> <!-- com.bitm.selenium4thbatch.Test.LoginTest -->
