<?xml version="1.0" encoding="UTF-8"?>
<!-- Generated by org.testng.reporters.JUnitReportReporter -->
<testsuite hostname="nahian-PC" name="com.bitm.selenium4thbatch.Test.LoginTest" tests="2" failures="0" timestamp="5 Aug 2017 07:47:28 GMT" time="21.531" errors="0">
  <testcase name="checkHomePageTitle" time="18.778" classname="com.bitm.selenium4thbatch.Test.LoginTest"/>
  <testcase name="loginTest" time="2.753" classname="com.bitm.selenium4thbatch.Test.LoginTest"/>
</testsuite> <!-- com.bitm.selenium4thbatch.Test.LoginTest -->
