<?xml version="1.0" encoding="UTF-8"?>
<!-- Generated by org.testng.reporters.JUnitReportReporter -->
<testsuite hostname="nahian-PC" name="com.bitm.selenium4thbatch.Test.LoginTest" tests="2" failures="0" timestamp="5 Aug 2017 22:00:50 GMT" time="24.655" errors="0">
  <testcase name="loginTest" time="1.418" classname="com.bitm.selenium4thbatch.Test.LoginTest"/>
  <testcase name="checkHomePageTitle" time="23.237" classname="com.bitm.selenium4thbatch.Test.LoginTest"/>
</testsuite> <!-- com.bitm.selenium4thbatch.Test.LoginTest -->
