<?xml version="1.0" encoding="UTF-8"?>
<!-- Generated by org.testng.reporters.JUnitReportReporter -->
<testsuite hostname="nahian-PC" name="com.bitm.selenium4thbatch.Test.SelectFlightTest" tests="2" failures="0" timestamp="12 Aug 2017 12:46:53 GMT" time="2.245" errors="0">
  <testcase name="checkSelectFlight" time="1.982" classname="com.bitm.selenium4thbatch.Test.SelectFlightTest"/>
  <testcase name="checkSelectFlightPageTitle" time="0.263" classname="com.bitm.selenium4thbatch.Test.SelectFlightTest"/>
</testsuite> <!-- com.bitm.selenium4thbatch.Test.SelectFlightTest -->
