<?xml version="1.0" encoding="UTF-8"?>
<!-- Generated by org.testng.reporters.JUnitReportReporter -->
<testsuite hostname="nahian-PC" name="com.bitm.selenium4thbatch.Test.BookFlightTest" tests="2" failures="0" timestamp="12 Aug 2017 12:46:53 GMT" time="3.404" errors="0">
  <testcase name="checkBookFlightPageTitle" time="0.239" classname="com.bitm.selenium4thbatch.Test.BookFlightTest"/>
  <testcase name="bookFlightTest" time="3.165" classname="com.bitm.selenium4thbatch.Test.BookFlightTest"/>
</testsuite> <!-- com.bitm.selenium4thbatch.Test.BookFlightTest -->
